<?xml version="1.0" encoding="UTF-8"?>
<testng-results ignored="0" total="2" passed="2" failed="0" skipped="0">
  <reporter-output>
  </reporter-output>
  <suite started-at="2025-04-10T16:40:11 IST" name="Default suite" finished-at="2025-04-10T16:41:16 IST" duration-ms="64886">
    <groups>
    </groups>
    <test started-at="2025-04-10T16:40:11 IST" name="Default test" finished-at="2025-04-10T16:41:16 IST" duration-ms="64886">
      <class name="GTMTM.TestSuite.testClasses.DispatchPortalTest">
        <test-method is-config="true" signature="initializeDriver(java.lang.String)[pri:0, instance:GTMTM.TestSuite.testClasses.DispatchPortalTest@1cd201a8]" started-at="2025-04-10T16:40:11 IST" name="initializeDriver" finished-at="2025-04-10T16:40:14 IST" duration-ms="2944" status="PASS">
          <params>
            <param index="0">
              <value>
                <![CDATA[edge]]>
              </value>
            </param>
          </params>
          <reporter-output>
          </reporter-output>
        </test-method> <!-- initializeDriver -->
        <test-method is-config="true" signature="setupDispatch()[pri:0, instance:GTMTM.TestSuite.testClasses.DispatchPortalTest@1cd201a8]" started-at="2025-04-10T16:40:14 IST" name="setupDispatch" finished-at="2025-04-10T16:40:14 IST" duration-ms="13" status="PASS">
          <reporter-output>
          </reporter-output>
        </test-method> <!-- setupDispatch -->
        <test-method signature="dispatchLoginTest()[pri:0, instance:GTMTM.TestSuite.testClasses.DispatchPortalTest@1cd201a8]" started-at="2025-04-10T16:40:14 IST" name="dispatchLoginTest" finished-at="2025-04-10T16:41:09 IST" duration-ms="54705" status="PASS">
          <reporter-output>
          </reporter-output>
        </test-method> <!-- dispatchLoginTest -->
        <test-method is-config="true" signature="setupDispatch()[pri:0, instance:GTMTM.TestSuite.testClasses.DispatchPortalTest@1cd201a8]" started-at="2025-04-10T16:41:09 IST" name="setupDispatch" finished-at="2025-04-10T16:41:09 IST" duration-ms="1" status="PASS">
          <reporter-output>
          </reporter-output>
        </test-method> <!-- setupDispatch -->
        <test-method signature="dispatchNavigationTest()[pri:0, instance:GTMTM.TestSuite.testClasses.DispatchPortalTest@1cd201a8]" started-at="2025-04-10T16:41:09 IST" name="dispatchNavigationTest" finished-at="2025-04-10T16:41:15 IST" depends-on-methods="GTMTM.TestSuite.testClasses.DispatchPortalTest.dispatchLoginTest" duration-ms="5926" status="PASS">
          <reporter-output>
          </reporter-output>
        </test-method> <!-- dispatchNavigationTest -->
        <test-method is-config="true" signature="quitDriver()[pri:0, instance:GTMTM.TestSuite.testClasses.DispatchPortalTest@1cd201a8]" started-at="2025-04-10T16:41:15 IST" name="quitDriver" finished-at="2025-04-10T16:41:16 IST" duration-ms="1258" status="PASS">
          <reporter-output>
          </reporter-output>
        </test-method> <!-- quitDriver -->
      </class> <!-- GTMTM.TestSuite.testClasses.DispatchPortalTest -->
    </test> <!-- Default test -->
  </suite> <!-- Default suite -->
</testng-results>
