<?xml version="1.0" encoding="UTF-8"?>
<!-- Generated by org.testng.reporters.JUnitXMLReporter -->
<testsuite ignored="0" hostname="ALEX" failures="0" tests="2" name="MicrosoftLoginParallelTest" time="6.566" errors="0" timestamp="2025-04-10T12:46:34 IST">
  <testcase classname="GTMTM.TestSuite.testClasses.MicrosoftLoginTest" name="microsoftDispatchLoginTest" time="5.073"/>
  <testcase classname="GTMTM.TestSuite.testClasses.MicrosoftLoginTest" name="microsoftSpicePortalLoginTest" time="5.336"/>
</testsuite> <!-- MicrosoftLoginParallelTest -->
