<?xml version="1.0" encoding="UTF-8"?>
<!-- Generated by org.testng.reporters.JUnitXMLReporter -->
<testsuite ignored="0" hostname="ALEX" failures="0" tests="2" name="Default test" time="64.886" errors="0" timestamp="2025-04-10T16:41:16 IST">
  <testcase classname="GTMTM.TestSuite.testClasses.DispatchPortalTest" name="dispatchLoginTest" time="54.705"/>
  <testcase classname="GTMTM.TestSuite.testClasses.DispatchPortalTest" name="dispatchNavigationTest" time="5.926"/>
</testsuite> <!-- Default test -->
