<?xml version="1.0" encoding="UTF-8"?>
<!-- Generated by org.testng.reporters.JUnitXMLReporter -->
<testsuite ignored="1" hostname="TL351" failures="0" tests="2" name="Default test" time="31.322" errors="0" timestamp="2025-04-15T10:14:47 IST">
  <testcase classname="GTMTM.TestSuite.testClasses.DispatchPortalTest" name="dispatchLoginTest" time="23.651"/>
  <testcase classname="GTMTM.TestSuite.testClasses.DispatchPortalTest" name="dispatchNavigationTest" time="2.78"/>
  <testcase classname="GTMTM.TestSuite.testClasses.DispatchPortalTest" name="signOutTest" time="0.0">
    <ignored/>
  </testcase> <!-- signOutTest -->
</testsuite> <!-- Default test -->
